<?xml version="1.0" encoding="UTF-8"?>
<!-- Generated by org.testng.reporters.JUnitXMLReporter -->
<testsuite ignored="0" hostname="LAPTOP-RBJADUBR" failures="1" tests="3" name="ErrorValidations" time="52.337" errors="0" timestamp="2022-10-17T10:20:31 IST">
  <testcase classname="akitochalam.tests.ErrorValidationsTest" name="ProductErrorValidation" time="2.866"/>
  <testcase classname="akitochalam.tests.ErrorValidationsTest" name="loginErrorValidation" time="0.527">
    <skipped/>
  </testcase> <!-- loginErrorValidation -->
  <testcase classname="akitochalam.tests.ErrorValidationsTest" name="loginErrorValidation" time="0.515">
    <failure type="java.lang.AssertionError" message="expected [Incorrect email password.] but found [Incorrect email or password.]">
      <![CDATA[java.lang.AssertionError: expected [Incorrect email password.] but found [Incorrect email or password.]
at akitochalam.tests.ErrorValidationsTest.loginErrorValidation(ErrorValidationsTest.java:26)
at java.base/java.util.ArrayList.forEach(ArrayList.java:1511)
at java.base/java.util.concurrent.FutureTask.run(FutureTask.java:264)
at java.base/java.util.concurrent.ThreadPoolExecutor.runWorker(ThreadPoolExecutor.java:1136)
at java.base/java.util.concurrent.ThreadPoolExecutor$Worker.run(ThreadPoolExecutor.java:635)
at java.base/java.lang.Thread.run(Thread.java:833)
... Removed 23 stack frames]]>
    </failure>
  </testcase> <!-- loginErrorValidation -->
</testsuite> <!-- ErrorValidations -->
